[   55973ms] Uncaught TypeError: Cannot read properties of null (reading 'querySelector')
    at _replaceScript (https://s3.tradingview.com/external-embedding/embed-widget-advanced-chart.js:2:2585)
    at p (https://s3.tradingview.com/external-embedding/embed-widget-advanced-chart.js:2:778)
    at <anonymous> (https://s3.tradingview.com/external-embedding/embed-widget-advanced-chart.js:5:729)
    at <anonymous> (https://s3.tradingview.com/external-embedding/embed-widget-advanced-chart.js:5:725)
    at <anonymous> (https://s3.tradingview.com/external-embedding/embed-widget-advanced-chart.js:5:1792)
[   56176ms] Uncaught TypeError: Cannot read properties of null (reading 'querySelector')
    at _replaceScript (https://s3.tradingview.com/external-embedding/embed-widget-advanced-chart.js:2:2585)
    at p (https://s3.tradingview.com/external-embedding/embed-widget-advanced-chart.js:2:778)
    at <anonymous> (https://s3.tradingview.com/external-embedding/embed-widget-advanced-chart.js:5:729)
    at <anonymous> (https://s3.tradingview.com/external-embedding/embed-widget-advanced-chart.js:5:725)
    at <anonymous> (https://s3.tradingview.com/external-embedding/embed-widget-advanced-chart.js:5:1792)
[   56338ms] Uncaught TypeError: Cannot read properties of null (reading 'querySelector')
    at _replaceScript (https://s3.tradingview.com/external-embedding/embed-widget-advanced-chart.js:2:2585)
    at p (https://s3.tradingview.com/external-embedding/embed-widget-advanced-chart.js:2:778)
    at <anonymous> (https://s3.tradingview.com/external-embedding/embed-widget-advanced-chart.js:5:729)
    at <anonymous> (https://s3.tradingview.com/external-embedding/embed-widget-advanced-chart.js:5:725)
    at <anonymous> (https://s3.tradingview.com/external-embedding/embed-widget-advanced-chart.js:5:1792)
[   56970ms] Uncaught TypeError: Cannot read properties of null (reading 'querySelector')
    at _replaceScript (https://s3.tradingview.com/external-embedding/embed-widget-advanced-chart.js:2:2585)
    at p (https://s3.tradingview.com/external-embedding/embed-widget-advanced-chart.js:2:778)
    at <anonymous> (https://s3.tradingview.com/external-embedding/embed-widget-advanced-chart.js:5:729)
    at <anonymous> (https://s3.tradingview.com/external-embedding/embed-widget-advanced-chart.js:5:725)
    at <anonymous> (https://s3.tradingview.com/external-embedding/embed-widget-advanced-chart.js:5:1792)
[   56975ms] Uncaught TypeError: Cannot read properties of null (reading 'querySelector')
    at _replaceScript (https://s3.tradingview.com/external-embedding/embed-widget-advanced-chart.js:2:2585)
    at p (https://s3.tradingview.com/external-embedding/embed-widget-advanced-chart.js:2:778)
    at <anonymous> (https://s3.tradingview.com/external-embedding/embed-widget-advanced-chart.js:5:729)
    at <anonymous> (https://s3.tradingview.com/external-embedding/embed-widget-advanced-chart.js:5:725)
    at <anonymous> (https://s3.tradingview.com/external-embedding/embed-widget-advanced-chart.js:5:1792)
[   56984ms] Uncaught TypeError: Cannot read properties of null (reading 'querySelector')
    at _replaceScript (https://s3.tradingview.com/external-embedding/embed-widget-advanced-chart.js:2:2585)
    at p (https://s3.tradingview.com/external-embedding/embed-widget-advanced-chart.js:2:778)
    at <anonymous> (https://s3.tradingview.com/external-embedding/embed-widget-advanced-chart.js:5:729)
    at <anonymous> (https://s3.tradingview.com/external-embedding/embed-widget-advanced-chart.js:5:725)
    at <anonymous> (https://s3.tradingview.com/external-embedding/embed-widget-advanced-chart.js:5:1792)
[   56987ms] Uncaught TypeError: Cannot read properties of null (reading 'querySelector')
    at _replaceScript (https://s3.tradingview.com/external-embedding/embed-widget-advanced-chart.js:2:2585)
    at p (https://s3.tradingview.com/external-embedding/embed-widget-advanced-chart.js:2:778)
    at <anonymous> (https://s3.tradingview.com/external-embedding/embed-widget-advanced-chart.js:5:729)
    at <anonymous> (https://s3.tradingview.com/external-embedding/embed-widget-advanced-chart.js:5:725)
    at <anonymous> (https://s3.tradingview.com/external-embedding/embed-widget-advanced-chart.js:5:1792)
[   57172ms] Uncaught TypeError: Cannot read properties of null (reading 'querySelector')
    at _replaceScript (https://s3.tradingview.com/external-embedding/embed-widget-advanced-chart.js:2:2585)
    at p (https://s3.tradingview.com/external-embedding/embed-widget-advanced-chart.js:2:778)
    at <anonymous> (https://s3.tradingview.com/external-embedding/embed-widget-advanced-chart.js:5:729)
    at <anonymous> (https://s3.tradingview.com/external-embedding/embed-widget-advanced-chart.js:5:725)
    at <anonymous> (https://s3.tradingview.com/external-embedding/embed-widget-advanced-chart.js:5:1792)
[   57637ms] Uncaught TypeError: Cannot read properties of null (reading 'querySelector')
    at _replaceScript (https://s3.tradingview.com/external-embedding/embed-widget-advanced-chart.js:2:2585)
    at p (https://s3.tradingview.com/external-embedding/embed-widget-advanced-chart.js:2:778)
    at <anonymous> (https://s3.tradingview.com/external-embedding/embed-widget-advanced-chart.js:5:729)
    at <anonymous> (https://s3.tradingview.com/external-embedding/embed-widget-advanced-chart.js:5:725)
    at <anonymous> (https://s3.tradingview.com/external-embedding/embed-widget-advanced-chart.js:5:1792)
[   62045ms] [ERROR] Failed to load resource: the server responded with a status of 403 () @ https://www.tradingview-widget.com/support/support-portal-problems/?language=en:0
[   62045ms] [ERROR] 2026-05-09T21:04:04.268Z:Fetch:/support/support-portal-problems/?language=en. Status 403 @ https://www.tradingview-widget.com/static/bundles/embed/27079.81ad6bd886789540e136.js:10
[   62046ms] [WARNING] 2026-05-09T21:04:04.268Z:Support.IncidentsModel:Couldn't load support portal problems @ https://www.tradingview-widget.com/static/bundles/embed/27079.81ad6bd886789540e136.js:10
[   62061ms] [ERROR] Failed to load resource: the server responded with a status of 403 () @ https://www.tradingview-widget.com/support/support-portal-problems/?language=en:0
[   62061ms] [ERROR] 2026-05-09T21:04:04.284Z:Fetch:/support/support-portal-problems/?language=en. Status 403 @ https://www.tradingview-widget.com/static/bundles/embed/27079.81ad6bd886789540e136.js:10
[   62061ms] [WARNING] 2026-05-09T21:04:04.284Z:Support.IncidentsModel:Couldn't load support portal problems @ https://www.tradingview-widget.com/static/bundles/embed/27079.81ad6bd886789540e136.js:10
[   62092ms] [ERROR] Failed to load resource: the server responded with a status of 403 () @ https://www.tradingview-widget.com/support/support-portal-problems/?language=en:0
[   62092ms] [ERROR] 2026-05-09T21:04:04.314Z:Fetch:/support/support-portal-problems/?language=en. Status 403 @ https://www.tradingview-widget.com/static/bundles/embed/27079.81ad6bd886789540e136.js:10
[   62092ms] [WARNING] 2026-05-09T21:04:04.315Z:Support.IncidentsModel:Couldn't load support portal problems @ https://www.tradingview-widget.com/static/bundles/embed/27079.81ad6bd886789540e136.js:10
[   62417ms] [ERROR] Failed to load resource: the server responded with a status of 403 () @ https://www.tradingview-widget.com/support/support-portal-problems/?language=en:0
[   62417ms] [ERROR] 2026-05-09T21:04:04.639Z:Fetch:/support/support-portal-problems/?language=en. Status 403 @ https://www.tradingview-widget.com/static/bundles/embed/27079.81ad6bd886789540e136.js:10
[   62417ms] [WARNING] 2026-05-09T21:04:04.640Z:Support.IncidentsModel:Couldn't load support portal problems @ https://www.tradingview-widget.com/static/bundles/embed/27079.81ad6bd886789540e136.js:10
[   62533ms] [ERROR] Failed to load resource: the server responded with a status of 403 () @ https://www.tradingview-widget.com/support/support-portal-problems/?language=en:0
[   62534ms] [ERROR] 2026-05-09T21:04:04.756Z:Fetch:/support/support-portal-problems/?language=en. Status 403 @ https://www.tradingview-widget.com/static/bundles/embed/27079.81ad6bd886789540e136.js:10
[   62534ms] [WARNING] 2026-05-09T21:04:04.756Z:Support.IncidentsModel:Couldn't load support portal problems @ https://www.tradingview-widget.com/static/bundles/embed/27079.81ad6bd886789540e136.js:10
[   62755ms] [ERROR] Failed to load resource: the server responded with a status of 403 () @ https://www.tradingview-widget.com/support/support-portal-problems/?language=en:0
[   62755ms] [ERROR] 2026-05-09T21:04:04.978Z:Fetch:/support/support-portal-problems/?language=en. Status 403 @ https://www.tradingview-widget.com/static/bundles/embed/27079.81ad6bd886789540e136.js:10
[   62755ms] [WARNING] 2026-05-09T21:04:04.978Z:Support.IncidentsModel:Couldn't load support portal problems @ https://www.tradingview-widget.com/static/bundles/embed/27079.81ad6bd886789540e136.js:10
[   63062ms] [ERROR] Failed to load resource: the server responded with a status of 403 () @ https://www.tradingview-widget.com/support/support-portal-problems/?language=en:0
[   63062ms] [ERROR] 2026-05-09T21:04:05.285Z:Fetch:/support/support-portal-problems/?language=en. Status 403 @ https://www.tradingview-widget.com/static/bundles/embed/27079.81ad6bd886789540e136.js:10
[   63063ms] [WARNING] 2026-05-09T21:04:05.285Z:Support.IncidentsModel:Couldn't load support portal problems @ https://www.tradingview-widget.com/static/bundles/embed/27079.81ad6bd886789540e136.js:10
[   64147ms] [ERROR] Failed to load resource: the server responded with a status of 403 () @ https://www.tradingview-widget.com/support/support-portal-problems/?language=en:0
[   64147ms] [ERROR] 2026-05-09T21:04:06.369Z:Fetch:/support/support-portal-problems/?language=en. Status 403 @ https://www.tradingview-widget.com/static/bundles/embed/27079.81ad6bd886789540e136.js:10
[   64147ms] [WARNING] 2026-05-09T21:04:06.370Z:Support.IncidentsModel:Couldn't load support portal problems @ https://www.tradingview-widget.com/static/bundles/embed/27079.81ad6bd886789540e136.js:10
[   64427ms] [ERROR] Failed to load resource: the server responded with a status of 403 () @ https://www.tradingview-widget.com/support/support-portal-problems/?language=en:0
[   64427ms] [ERROR] 2026-05-09T21:04:06.649Z:Fetch:/support/support-portal-problems/?language=en. Status 403 @ https://www.tradingview-widget.com/static/bundles/embed/27079.81ad6bd886789540e136.js:10
[   64427ms] [WARNING] 2026-05-09T21:04:06.649Z:Support.IncidentsModel:Couldn't load support portal problems @ https://www.tradingview-widget.com/static/bundles/embed/27079.81ad6bd886789540e136.js:10
[  106242ms] Uncaught TypeError: Cannot read properties of null (reading 'querySelector')
    at _replaceScript (https://s3.tradingview.com/external-embedding/embed-widget-advanced-chart.js:2:2585)
    at p (https://s3.tradingview.com/external-embedding/embed-widget-advanced-chart.js:2:778)
    at <anonymous> (https://s3.tradingview.com/external-embedding/embed-widget-advanced-chart.js:5:729)
    at <anonymous> (https://s3.tradingview.com/external-embedding/embed-widget-advanced-chart.js:5:725)
    at <anonymous> (https://s3.tradingview.com/external-embedding/embed-widget-advanced-chart.js:5:1792)
[  106256ms] Uncaught TypeError: Cannot read properties of null (reading 'querySelector')
    at _replaceScript (https://s3.tradingview.com/external-embedding/embed-widget-advanced-chart.js:2:2585)
    at p (https://s3.tradingview.com/external-embedding/embed-widget-advanced-chart.js:2:778)
    at <anonymous> (https://s3.tradingview.com/external-embedding/embed-widget-advanced-chart.js:5:729)
    at <anonymous> (https://s3.tradingview.com/external-embedding/embed-widget-advanced-chart.js:5:725)
    at <anonymous> (https://s3.tradingview.com/external-embedding/embed-widget-advanced-chart.js:5:1792)
[  106261ms] Uncaught TypeError: Cannot read properties of null (reading 'querySelector')
    at _replaceScript (https://s3.tradingview.com/external-embedding/embed-widget-advanced-chart.js:2:2585)
    at p (https://s3.tradingview.com/external-embedding/embed-widget-advanced-chart.js:2:778)
    at <anonymous> (https://s3.tradingview.com/external-embedding/embed-widget-advanced-chart.js:5:729)
    at <anonymous> (https://s3.tradingview.com/external-embedding/embed-widget-advanced-chart.js:5:725)
    at <anonymous> (https://s3.tradingview.com/external-embedding/embed-widget-advanced-chart.js:5:1792)
[  107584ms] [ERROR] Failed to load resource: the server responded with a status of 403 () @ https://www.tradingview-widget.com/support/support-portal-problems/?language=en:0
[  107584ms] [ERROR] 2026-05-09T21:04:49.807Z:Fetch:/support/support-portal-problems/?language=en. Status 403 @ https://www.tradingview-widget.com/static/bundles/embed/27079.81ad6bd886789540e136.js:10
[  107585ms] [WARNING] 2026-05-09T21:04:49.807Z:Support.IncidentsModel:Couldn't load support portal problems @ https://www.tradingview-widget.com/static/bundles/embed/27079.81ad6bd886789540e136.js:10
[  107740ms] [WARNING] 2026-05-09T21:04:49.962Z:Chart.LegendWidget:Quote snapshot error: Quotes snapshot is not received @ https://www.tradingview-widget.com/static/bundles/embed/27079.81ad6bd886789540e136.js:10
[  107899ms] [ERROR] Failed to load resource: the server responded with a status of 403 () @ https://www.tradingview-widget.com/support/support-portal-problems/?language=en:0
[  107899ms] [ERROR] 2026-05-09T21:04:50.122Z:Fetch:/support/support-portal-problems/?language=en. Status 403 @ https://www.tradingview-widget.com/static/bundles/embed/27079.81ad6bd886789540e136.js:10
[  107899ms] [WARNING] 2026-05-09T21:04:50.122Z:Support.IncidentsModel:Couldn't load support portal problems @ https://www.tradingview-widget.com/static/bundles/embed/27079.81ad6bd886789540e136.js:10
[  108373ms] [ERROR] Failed to load resource: the server responded with a status of 403 () @ https://www.tradingview-widget.com/support/support-portal-problems/?language=en:0
[  108373ms] [ERROR] 2026-05-09T21:04:50.596Z:Fetch:/support/support-portal-problems/?language=en. Status 403 @ https://www.tradingview-widget.com/static/bundles/embed/27079.81ad6bd886789540e136.js:10
[  108374ms] [WARNING] 2026-05-09T21:04:50.596Z:Support.IncidentsModel:Couldn't load support portal problems @ https://www.tradingview-widget.com/static/bundles/embed/27079.81ad6bd886789540e136.js:10
[  108484ms] [WARNING] 2026-05-09T21:04:50.707Z:Chart.LegendWidget:Quote snapshot error: Quotes snapshot is not received @ https://www.tradingview-widget.com/static/bundles/embed/27079.81ad6bd886789540e136.js:10
[  272596ms] [WARNING] WebSocket connection to 'wss://pushstream.tradingview.com/message-pipe-ws/public' failed: WebSocket is closed before the connection is established. @ https://www.tradingview-widget.com/static/bundles/embed/99838.614e64f3e731dd202144.js:60
[  276535ms] Uncaught TypeError: Cannot read properties of null (reading 'querySelector')
    at _replaceScript (https://s3.tradingview.com/external-embedding/embed-widget-advanced-chart.js:2:2585)
    at p (https://s3.tradingview.com/external-embedding/embed-widget-advanced-chart.js:2:778)
    at <anonymous> (https://s3.tradingview.com/external-embedding/embed-widget-advanced-chart.js:5:729)
    at <anonymous> (https://s3.tradingview.com/external-embedding/embed-widget-advanced-chart.js:5:725)
    at <anonymous> (https://s3.tradingview.com/external-embedding/embed-widget-advanced-chart.js:5:1792)
[  276555ms] Uncaught TypeError: Cannot read properties of null (reading 'querySelector')
    at _replaceScript (https://s3.tradingview.com/external-embedding/embed-widget-advanced-chart.js:2:2585)
    at p (https://s3.tradingview.com/external-embedding/embed-widget-advanced-chart.js:2:778)
    at <anonymous> (https://s3.tradingview.com/external-embedding/embed-widget-advanced-chart.js:5:729)
    at <anonymous> (https://s3.tradingview.com/external-embedding/embed-widget-advanced-chart.js:5:725)
    at <anonymous> (https://s3.tradingview.com/external-embedding/embed-widget-advanced-chart.js:5:1792)
[  276652ms] Uncaught TypeError: Cannot read properties of null (reading 'querySelector')
    at _replaceScript (https://s3.tradingview.com/external-embedding/embed-widget-advanced-chart.js:2:2585)
    at p (https://s3.tradingview.com/external-embedding/embed-widget-advanced-chart.js:2:778)
    at <anonymous> (https://s3.tradingview.com/external-embedding/embed-widget-advanced-chart.js:5:729)
    at <anonymous> (https://s3.tradingview.com/external-embedding/embed-widget-advanced-chart.js:5:725)
    at <anonymous> (https://s3.tradingview.com/external-embedding/embed-widget-advanced-chart.js:5:1792)
[  276657ms] Uncaught TypeError: Cannot read properties of null (reading 'querySelector')
    at _replaceScript (https://s3.tradingview.com/external-embedding/embed-widget-advanced-chart.js:2:2585)
    at p (https://s3.tradingview.com/external-embedding/embed-widget-advanced-chart.js:2:778)
    at <anonymous> (https://s3.tradingview.com/external-embedding/embed-widget-advanced-chart.js:5:729)
    at <anonymous> (https://s3.tradingview.com/external-embedding/embed-widget-advanced-chart.js:5:725)
    at <anonymous> (https://s3.tradingview.com/external-embedding/embed-widget-advanced-chart.js:5:1792)
[  276660ms] Uncaught TypeError: Cannot read properties of null (reading 'querySelector')
    at _replaceScript (https://s3.tradingview.com/external-embedding/embed-widget-advanced-chart.js:2:2585)
    at p (https://s3.tradingview.com/external-embedding/embed-widget-advanced-chart.js:2:778)
    at <anonymous> (https://s3.tradingview.com/external-embedding/embed-widget-advanced-chart.js:5:729)
    at <anonymous> (https://s3.tradingview.com/external-embedding/embed-widget-advanced-chart.js:5:725)
    at <anonymous> (https://s3.tradingview.com/external-embedding/embed-widget-advanced-chart.js:5:1792)
[  276669ms] Uncaught TypeError: Cannot read properties of null (reading 'querySelector')
    at _replaceScript (https://s3.tradingview.com/external-embedding/embed-widget-advanced-chart.js:2:2585)
    at p (https://s3.tradingview.com/external-embedding/embed-widget-advanced-chart.js:2:778)
    at <anonymous> (https://s3.tradingview.com/external-embedding/embed-widget-advanced-chart.js:5:729)
    at <anonymous> (https://s3.tradingview.com/external-embedding/embed-widget-advanced-chart.js:5:725)
    at <anonymous> (https://s3.tradingview.com/external-embedding/embed-widget-advanced-chart.js:5:1792)
[  276670ms] Uncaught TypeError: Cannot read properties of null (reading 'querySelector')
    at _replaceScript (https://s3.tradingview.com/external-embedding/embed-widget-advanced-chart.js:2:2585)
    at p (https://s3.tradingview.com/external-embedding/embed-widget-advanced-chart.js:2:778)
    at <anonymous> (https://s3.tradingview.com/external-embedding/embed-widget-advanced-chart.js:5:729)
    at <anonymous> (https://s3.tradingview.com/external-embedding/embed-widget-advanced-chart.js:5:725)
    at <anonymous> (https://s3.tradingview.com/external-embedding/embed-widget-advanced-chart.js:5:1792)
[  276671ms] Uncaught TypeError: Cannot read properties of null (reading 'querySelector')
    at _replaceScript (https://s3.tradingview.com/external-embedding/embed-widget-advanced-chart.js:2:2585)
    at p (https://s3.tradingview.com/external-embedding/embed-widget-advanced-chart.js:2:778)
    at <anonymous> (https://s3.tradingview.com/external-embedding/embed-widget-advanced-chart.js:5:729)
    at <anonymous> (https://s3.tradingview.com/external-embedding/embed-widget-advanced-chart.js:5:725)
    at <anonymous> (https://s3.tradingview.com/external-embedding/embed-widget-advanced-chart.js:5:1792)
[  276672ms] Uncaught TypeError: Cannot read properties of null (reading 'querySelector')
    at _replaceScript (https://s3.tradingview.com/external-embedding/embed-widget-advanced-chart.js:2:2585)
    at p (https://s3.tradingview.com/external-embedding/embed-widget-advanced-chart.js:2:778)
    at <anonymous> (https://s3.tradingview.com/external-embedding/embed-widget-advanced-chart.js:5:729)
    at <anonymous> (https://s3.tradingview.com/external-embedding/embed-widget-advanced-chart.js:5:725)
    at <anonymous> (https://s3.tradingview.com/external-embedding/embed-widget-advanced-chart.js:5:1792)
[  281957ms] [ERROR] Failed to load resource: the server responded with a status of 403 () @ https://www.tradingview-widget.com/support/support-portal-problems/?language=en:0
[  281957ms] [ERROR] 2026-05-09T21:07:44.179Z:Fetch:/support/support-portal-problems/?language=en. Status 403 @ https://www.tradingview-widget.com/static/bundles/embed/27079.81ad6bd886789540e136.js:10
[  281957ms] [WARNING] 2026-05-09T21:07:44.180Z:Support.IncidentsModel:Couldn't load support portal problems @ https://www.tradingview-widget.com/static/bundles/embed/27079.81ad6bd886789540e136.js:10
[  282864ms] [ERROR] Failed to load resource: the server responded with a status of 403 () @ https://www.tradingview-widget.com/support/support-portal-problems/?language=en:0
[  282864ms] [ERROR] 2026-05-09T21:07:45.087Z:Fetch:/support/support-portal-problems/?language=en. Status 403 @ https://www.tradingview-widget.com/static/bundles/embed/27079.81ad6bd886789540e136.js:10
[  282865ms] [WARNING] 2026-05-09T21:07:45.087Z:Support.IncidentsModel:Couldn't load support portal problems @ https://www.tradingview-widget.com/static/bundles/embed/27079.81ad6bd886789540e136.js:10
[  284359ms] [ERROR] Failed to load resource: the server responded with a status of 403 () @ https://www.tradingview-widget.com/support/support-portal-problems/?language=en:0
[  284359ms] [ERROR] 2026-05-09T21:07:46.582Z:Fetch:/support/support-portal-problems/?language=en. Status 403 @ https://www.tradingview-widget.com/static/bundles/embed/27079.81ad6bd886789540e136.js:10
[  284360ms] [WARNING] 2026-05-09T21:07:46.582Z:Support.IncidentsModel:Couldn't load support portal problems @ https://www.tradingview-widget.com/static/bundles/embed/27079.81ad6bd886789540e136.js:10
[  286376ms] [ERROR] Failed to load resource: the server responded with a status of 403 () @ https://www.tradingview-widget.com/support/support-portal-problems/?language=en:0
[  286376ms] [ERROR] 2026-05-09T21:07:48.599Z:Fetch:/support/support-portal-problems/?language=en. Status 403 @ https://www.tradingview-widget.com/static/bundles/embed/27079.81ad6bd886789540e136.js:10
[  286377ms] [WARNING] 2026-05-09T21:07:48.599Z:Support.IncidentsModel:Couldn't load support portal problems @ https://www.tradingview-widget.com/static/bundles/embed/27079.81ad6bd886789540e136.js:10
[  288188ms] [ERROR] Failed to load resource: the server responded with a status of 403 () @ https://www.tradingview-widget.com/support/support-portal-problems/?language=en:0
[  288189ms] [ERROR] 2026-05-09T21:07:50.411Z:Fetch:/support/support-portal-problems/?language=en. Status 403 @ https://www.tradingview-widget.com/static/bundles/embed/27079.81ad6bd886789540e136.js:10
[  288189ms] [WARNING] 2026-05-09T21:07:50.411Z:Support.IncidentsModel:Couldn't load support portal problems @ https://www.tradingview-widget.com/static/bundles/embed/27079.81ad6bd886789540e136.js:10
[  288961ms] [ERROR] Failed to load resource: the server responded with a status of 403 () @ https://www.tradingview-widget.com/support/support-portal-problems/?language=en:0
[  288961ms] [ERROR] 2026-05-09T21:07:51.183Z:Fetch:/support/support-portal-problems/?language=en. Status 403 @ https://www.tradingview-widget.com/static/bundles/embed/27079.81ad6bd886789540e136.js:10
[  288961ms] [WARNING] 2026-05-09T21:07:51.184Z:Support.IncidentsModel:Couldn't load support portal problems @ https://www.tradingview-widget.com/static/bundles/embed/27079.81ad6bd886789540e136.js:10
[  290260ms] [ERROR] Failed to load resource: the server responded with a status of 403 () @ https://www.tradingview-widget.com/support/support-portal-problems/?language=en:0
[  290261ms] [ERROR] 2026-05-09T21:07:52.483Z:Fetch:/support/support-portal-problems/?language=en. Status 403 @ https://www.tradingview-widget.com/static/bundles/embed/27079.81ad6bd886789540e136.js:10
[  290261ms] [WARNING] 2026-05-09T21:07:52.483Z:Support.IncidentsModel:Couldn't load support portal problems @ https://www.tradingview-widget.com/static/bundles/embed/27079.81ad6bd886789540e136.js:10
[  291940ms] [ERROR] Failed to load resource: the server responded with a status of 403 () @ https://www.tradingview-widget.com/support/support-portal-problems/?language=en:0
[  291940ms] [ERROR] 2026-05-09T21:07:54.163Z:Fetch:/support/support-portal-problems/?language=en. Status 403 @ https://www.tradingview-widget.com/static/bundles/embed/27079.81ad6bd886789540e136.js:10
[  291940ms] [WARNING] 2026-05-09T21:07:54.163Z:Support.IncidentsModel:Couldn't load support portal problems @ https://www.tradingview-widget.com/static/bundles/embed/27079.81ad6bd886789540e136.js:10
[  293536ms] [ERROR] Failed to load resource: the server responded with a status of 403 () @ https://www.tradingview-widget.com/support/support-portal-problems/?language=en:0
[  293536ms] [ERROR] 2026-05-09T21:07:55.759Z:Fetch:/support/support-portal-problems/?language=en. Status 403 @ https://www.tradingview-widget.com/static/bundles/embed/27079.81ad6bd886789540e136.js:10
[  293537ms] [WARNING] 2026-05-09T21:07:55.759Z:Support.IncidentsModel:Couldn't load support portal problems @ https://www.tradingview-widget.com/static/bundles/embed/27079.81ad6bd886789540e136.js:10
[  303644ms] [WARNING] WebSocket connection to 'wss://pushstream.tradingview.com/message-pipe-ws/public' failed: WebSocket is closed before the connection is established. @ https://www.tradingview-widget.com/static/bundles/embed/99838.614e64f3e731dd202144.js:60
[  304508ms] [ERROR] Failed to load resource: the server responded with a status of 502 (Bad Gateway) @ http://localhost:5173/api/auth/me:0
[  304513ms] [ERROR] Failed to load resource: the server responded with a status of 502 (Bad Gateway) @ http://localhost:5173/api/auth/me:0
